0 info it worked if it ends with ok
1 verbose cli [ '/usr/bin/nodejs', '/usr/bin/npm', 'run', 'clean' ]
2 info using npm@3.10.10
3 info using node@v6.11.0
4 verbose run-script [ 'preclean', 'clean', 'postclean' ]
5 info lifecycle react-boilerplate@3.4.0~preclean: react-boilerplate@3.4.0
6 silly lifecycle react-boilerplate@3.4.0~preclean: no script for preclean, continuing
7 info lifecycle react-boilerplate@3.4.0~clean: react-boilerplate@3.4.0
8 verbose lifecycle react-boilerplate@3.4.0~clean: unsafe-perm in lifecycle true
9 verbose lifecycle react-boilerplate@3.4.0~clean: PATH: /usr/lib/node_modules/npm/bin/node-gyp-bin:/home/pm/myworks/react-boilerplate/node_modules/.bin:/home/pm/bin:/usr/local/sbin:/usr/local/bin:/usr/sbin:/usr/bin:/sbin:/bin:/usr/games:/usr/local/games:/snap/bin
10 verbose lifecycle react-boilerplate@3.4.0~clean: CWD: /home/pm/myworks/react-boilerplate
11 silly lifecycle react-boilerplate@3.4.0~clean: Args: [ '-c', 'shjs ./internals/scripts/clean.js' ]
12 silly lifecycle react-boilerplate@3.4.0~clean: Returned: code: 1  signal: null
13 info lifecycle react-boilerplate@3.4.0~clean: Failed to exec clean script
14 verbose stack Error: react-boilerplate@3.4.0 clean: `shjs ./internals/scripts/clean.js`
14 verbose stack Exit status 1
14 verbose stack     at EventEmitter.<anonymous> (/usr/lib/node_modules/npm/lib/utils/lifecycle.js:255:16)
14 verbose stack     at emitTwo (events.js:106:13)
14 verbose stack     at EventEmitter.emit (events.js:191:7)
14 verbose stack     at ChildProcess.<anonymous> (/usr/lib/node_modules/npm/lib/utils/spawn.js:40:14)
14 verbose stack     at emitTwo (events.js:106:13)
14 verbose stack     at ChildProcess.emit (events.js:191:7)
14 verbose stack     at maybeClose (internal/child_process.js:891:16)
14 verbose stack     at Process.ChildProcess._handle.onexit (internal/child_process.js:226:5)
15 verbose pkgid react-boilerplate@3.4.0
16 verbose cwd /home/pm/myworks/react-boilerplate
17 error Linux 4.4.0-78-generic
18 error argv "/usr/bin/nodejs" "/usr/bin/npm" "run" "clean"
19 error node v6.11.0
20 error npm  v3.10.10
21 error code ELIFECYCLE
22 error react-boilerplate@3.4.0 clean: `shjs ./internals/scripts/clean.js`
22 error Exit status 1
23 error Failed at the react-boilerplate@3.4.0 clean script 'shjs ./internals/scripts/clean.js'.
23 error Make sure you have the latest version of node.js and npm installed.
23 error If you do, this is most likely a problem with the react-boilerplate package,
23 error not with npm itself.
23 error Tell the author that this fails on your system:
23 error     shjs ./internals/scripts/clean.js
23 error You can get information on how to open an issue for this project with:
23 error     npm bugs react-boilerplate
23 error Or if that isn't available, you can get their info via:
23 error     npm owner ls react-boilerplate
23 error There is likely additional logging output above.
24 verbose exit [ 1, true ]
